C:\Program Files (x86)\Microsoft Visual Studio\2017\Community\Common7\IDE\VC\VCTargets\Microsoft.CppBuild.targets(387,5): warning MSB8028: The intermediate directory (.\Debug\) contains files shared from another project (SimpleGLUT.vcxproj).  This can lead to incorrect clean and rebuild behavior.
  SimpleRender.cpp
c:\users\danco\projects\cg2\simplerender\model.h(40): warning C4018: '<': signed/unsigned mismatch
c:\users\danco\projects\cg2\simplerender\model.h(135): warning C4018: '<': signed/unsigned mismatch
c:\users\danco\projects\cg2\simplerender\model.h(74): warning C4996: 'fopen': This function or variable may be unsafe. Consider using fopen_s instead. To disable deprecation, use _CRT_SECURE_NO_WARNINGS. See online help for details.
  c:\program files (x86)\windows kits\10\include\10.0.16299.0\ucrt\stdio.h(207): note: see declaration of 'fopen'
c:\users\danco\projects\cg2\simplerender\model.h(82): warning C4996: 'fscanf': This function or variable may be unsafe. Consider using fscanf_s instead. To disable deprecation, use _CRT_SECURE_NO_WARNINGS. See online help for details.
  c:\program files (x86)\windows kits\10\include\10.0.16299.0\ucrt\stdio.h(1195): note: see declaration of 'fscanf'
c:\users\danco\projects\cg2\simplerender\model.h(88): warning C4996: 'fscanf': This function or variable may be unsafe. Consider using fscanf_s instead. To disable deprecation, use _CRT_SECURE_NO_WARNINGS. See online help for details.
  c:\program files (x86)\windows kits\10\include\10.0.16299.0\ucrt\stdio.h(1195): note: see declaration of 'fscanf'
c:\users\danco\projects\cg2\simplerender\model.h(99): warning C4996: 'fscanf': This function or variable may be unsafe. Consider using fscanf_s instead. To disable deprecation, use _CRT_SECURE_NO_WARNINGS. See online help for details.
  c:\program files (x86)\windows kits\10\include\10.0.16299.0\ucrt\stdio.h(1195): note: see declaration of 'fscanf'
c:\users\danco\projects\cg2\simplerender\model.h(105): warning C4996: 'fscanf': This function or variable may be unsafe. Consider using fscanf_s instead. To disable deprecation, use _CRT_SECURE_NO_WARNINGS. See online help for details.
  c:\program files (x86)\windows kits\10\include\10.0.16299.0\ucrt\stdio.h(1195): note: see declaration of 'fscanf'
c:\users\danco\projects\cg2\simplerender\scanconvert.h(88): warning C4018: '<': signed/unsigned mismatch
c:\users\danco\projects\cg2\simplerender\scanconvert.h(126): warning C4018: '<': signed/unsigned mismatch
c:\users\danco\projects\cg2\simplerender\scanconvert.h(136): warning C4018: '<': signed/unsigned mismatch
c:\users\danco\projects\cg2\simplerender\scanconvert.h(179): warning C4018: '<': signed/unsigned mismatch
c:\users\danco\projects\cg2\simplerender\simplerender.cpp(83): warning C4018: '<': signed/unsigned mismatch
c:\users\danco\projects\cg2\simplerender\simplerender.cpp(90): warning C4018: '<': signed/unsigned mismatch
c:\users\danco\projects\cg2\simplerender\simplerender.cpp(94): warning C4018: '<': signed/unsigned mismatch
c:\users\danco\projects\cg2\simplerender\simplerender.cpp(113): warning C4018: '<': signed/unsigned mismatch
c:\users\danco\projects\cg2\simplerender\simplerender.cpp(114): warning C4018: '<': signed/unsigned mismatch
  SimpleGLUT.vcxproj -> C:\Users\danco\projects\CG2\SimpleRender\.\Debug\SimpleRender.exe
